[2023-09-12 15:18:17] Alex: Hello
[2023-09-12 15:18:17] Alex: Hello
[2023-09-12 15:22:29] Maria: hello
[2023-09-12 15:22:29] Maria: hello
[2023-09-12 15:22:35] Maria: go home
[2023-09-12 15:22:35] Maria: go home
[2023-09-12 15:25:37] Victor: hi
[2023-09-12 15:25:37] Victor: hi
[2023-09-12 15:44:47] Anna: hi hi
[2023-09-12 15:44:47] Anna: hi hi
[2023-09-12 15:46:54] Ira: Привет
[2023-09-12 15:46:54] Ira: Привет
[2023-09-12 15:47:38] 11: qww
[2023-09-12 15:47:38] 11: qww
[2023-09-12 15:47:43] 11: qwq
[2023-09-12 15:47:43] 11: qwq
[2023-09-12 15:48:46] ert: go
[2023-09-12 15:48:46] ert: go
[2023-09-12 15:49:03] ert: ggh
[2023-09-12 15:49:03] ert: ggh
[2023-09-12 15:50:18] aaa: aaa
[2023-09-12 15:50:19] aaa: aaa
[2023-09-12 15:50:21] aaa: aaa
[2023-09-12 15:50:21] aaa: aaa
[2023-09-12 15:50:45] z: aaa
[2023-09-12 15:50:45] z: aaa
[2023-09-12 15:50:47] z: aaaa
[2023-09-12 15:50:47] z: aaaa
[2023-09-12 15:50:49] z: aaaa
[2023-09-12 15:50:49] z: aaaa
[2023-09-12 15:50:51] z: aaaa
[2023-09-12 15:50:51] z: aaaa
[2023-09-12 15:51:15] 1: aaaa
[2023-09-12 15:51:15] 1: aaaa
[2023-09-12 15:51:16] 1: aaaa
[2023-09-12 15:51:16] 1: aaaa
[2023-09-12 15:51:17] 1: aaa
[2023-09-12 15:51:17] 1: aaa
[2023-09-12 15:52:46] xxx: хай
[2023-09-12 15:52:46] xxx: хай
[2023-09-12 15:52:51] xxx: ййй
[2023-09-12 15:52:51] xxx: ййй
[2023-09-12 15:52:53] xxx: ййй
[2023-09-12 15:52:53] xxx: ййй
[2023-09-12 15:53:27] 22: qqq
[2023-09-12 15:53:27] 22: qqq
[2023-09-12 15:53:28] 22: qqq
[2023-09-12 15:53:28] 22: qqq
[2023-09-12 15:54:05] lll: cccc
[2023-09-12 15:54:05] lll: cccc
[2023-09-12 15:54:15] lll: cccc
[2023-09-12 15:54:15] lll: cccc
[2023-09-12 15:54:38] qqqq: qqqqq
[2023-09-12 15:54:38] qqqq: qqqqq
[2023-09-12 15:54:40] qqqq: qqqqq
[2023-09-12 15:54:40] qqqq: qqqqq
[2023-09-12 15:55:24] 1111: sdf
[2023-09-12 15:55:24] 1111: sdf0
[2023-09-12 15:55:59] 1111: 2
[2023-09-12 15:55:59] 1111: 2max
[2023-09-12 15:56:02] 1111: 312max
[2023-09-12 15:56:02] 1111: 312
[2023-09-12 15:56:05] 1111: 12dmax
[2023-09-12 15:56:05] 1111: 12d
[2023-09-12 15:57:19] wwww: cdcdcd
[2023-09-12 15:57:19] wwww: cdcdcd
[2023-09-12 15:57:21] wwww: cdcdcd
[2023-09-12 15:57:21] wwww: cdcdcd
[2023-09-12 15:57:23] wwww: cdcdcd
[2023-09-12 15:57:23] wwww: cdcdcd
